ERROR NotFound: 2024-03-08T14:33:45.496Z [GET] http://localhost:3000/admin/document/landing-page - No such file or directory (os error 2): readfile '/home/tjay/Projects/Github/tjay.nl/_src/index.yml'
    at async Object.readTextFile (ext:deno_fs/30_fs.js:873:18)
    at async FsEntry.readData (https://cdn.jsdelivr.net/gh/lumeland/cms@v0.3.1/storage/fs.ts:103:21)
    at async Document.read (https://cdn.jsdelivr.net/gh/lumeland/cms@v0.3.1/core/document.ts:43:20)
    at async template (https://cdn.jsdelivr.net/gh/lumeland/cms@v0.3.1/core/templates/document/edit.ts:17:16)
    at async Context.renderer (https://cdn.jsdelivr.net/gh/lumeland/cms@v0.3.1/core/cms.ts:238:20)
    at async dispatch (https://deno.land/x/hono@v4.0.8/compose.ts:45:17)
    at async handler (https://deno.land/x/hono@v4.0.8/hono-base.ts:203:12)
    at async dispatch (https://deno.land/x/hono@v4.0.8/compose.ts:45:17)
    at async dispatch (https://deno.land/x/hono@v4.0.8/compose.ts:45:17)
    at async handler (https://deno.land/x/hono@v4.0.8/hono-base.ts:203:12)
ERROR NotFound: 2024-03-08T22:10:05.990Z [GET] http://localhost:3000/admin/document/landing-page - No such file or directory (os error 2): readfile '/home/tjay/Projects/Github/tjay.nl/_src/index.yml'
    at async Object.readTextFile (ext:deno_fs/30_fs.js:873:18)
    at async FsEntry.readData (https://cdn.jsdelivr.net/gh/lumeland/cms@v0.3.1/storage/fs.ts:103:21)
    at async Document.read (https://cdn.jsdelivr.net/gh/lumeland/cms@v0.3.1/core/document.ts:43:20)
    at async template (https://cdn.jsdelivr.net/gh/lumeland/cms@v0.3.1/core/templates/document/edit.ts:17:16)
    at async Context.renderer (https://cdn.jsdelivr.net/gh/lumeland/cms@v0.3.1/core/cms.ts:238:20)
    at async dispatch (https://deno.land/x/hono@v4.0.8/compose.ts:45:17)
    at async handler (https://deno.land/x/hono@v4.0.8/hono-base.ts:203:12)
    at async dispatch (https://deno.land/x/hono@v4.0.8/compose.ts:45:17)
    at async dispatch (https://deno.land/x/hono@v4.0.8/compose.ts:45:17)
    at async handler (https://deno.land/x/hono@v4.0.8/hono-base.ts:203:12)
